2026-06-29 10:45:51 - Starting DestinationApplication using Java 21.0.9 with PID 48816 (E:\DUOC UC\DSY1103\Examen Final\destination\target\classes started by victo in E:\DUOC UC\DSY1103\Examen Final\destination)
2026-06-29 10:45:51 - Running with Spring Boot v4.0.7, Spring v7.0.8
2026-06-29 10:45:51 - No active profile set, falling back to 1 default profile: "default"
2026-06-29 10:45:52 - Bootstrapping Spring Data JPA repositories in DEFAULT mode.
2026-06-29 10:45:52 - Finished Spring Data repository scanning in 99 ms. Found 3 JPA repository interfaces.
2026-06-29 10:45:52 - BeanFactory id=45702e2e-4439-3328-9df1-69f8c5b7ddfa
2026-06-29 10:45:53 - Tomcat initialized with port 9001 (http)
2026-06-29 10:45:53 - Starting service [Tomcat]
2026-06-29 10:45:53 - Starting Servlet engine: [Apache Tomcat/11.0.22]
2026-06-29 10:45:53 - Root WebApplicationContext: initialization completed in 2139 ms
2026-06-29 10:45:53 - HikariPool-1 - Starting...
2026-06-29 10:45:53 - HikariPool-1 - Added connection com.mysql.cj.jdbc.ConnectionImpl@244f356
2026-06-29 10:45:53 - HikariPool-1 - Start completed.
2026-06-29 10:45:53 - Database: jdbc:mysql://localhost:3311/destination (MySQL 8.0)
2026-06-29 10:45:54 - Schema history table `destination`.`flyway_schema_history` does not exist yet
2026-06-29 10:45:54 - Successfully validated 2 migrations (execution time 00:00.080s)
2026-06-29 10:45:54 - Creating Schema History table `destination`.`flyway_schema_history` ...
2026-06-29 10:45:54 - Current version of schema `destination`: << Empty Schema >>
2026-06-29 10:45:54 - Migrating schema `destination` to version "1 - create destination tables"
2026-06-29 10:45:54 - Migrating schema `destination` to version "2 - insert destination data"
2026-06-29 10:45:54 - Successfully applied 2 migrations to schema `destination`, now at version v2 (execution time 00:00.075s)
2026-06-29 10:45:54 - HHH008540: Processing PersistenceUnitInfo [name: default]
2026-06-29 10:45:54 - HHH000001: Hibernate ORM core version 7.2.19.Final
2026-06-29 10:45:54 - No LoadTimeWeaver setup: ignoring JPA class transformer
2026-06-29 10:45:55 - HHH90000025: MySQLDialect does not need to be specified explicitly using 'hibernate.dialect' (remove the property setting and it will be selected by default)
2026-06-29 10:45:55 - HHH10001005: Database info:
	Database JDBC URL [jdbc:mysql://localhost:3311/destination]
	Database driver: MySQL Connector/J
	Database dialect: MySQLDialect
	Database version: 8.0.46
	Default catalog/schema: destination/undefined
	Autocommit mode: undefined/unknown
	Isolation level: REPEATABLE_READ [default REPEATABLE_READ]
	JDBC fetch size: none
	Pool: DataSourceConnectionProvider
	Minimum pool size: undefined/unknown
	Maximum pool size: undefined/unknown
2026-06-29 10:45:55 - HHH000489: No JTA platform available (set 'hibernate.transaction.jta.platform' to enable JTA platform integration)
2026-06-29 10:45:55 - Initialized JPA EntityManagerFactory for persistence unit 'default'
2026-06-29 10:45:55 - Hibernate is in classpath; If applicable, HQL parser will be used.
2026-06-29 10:45:55 - spring.jpa.open-in-view is enabled by default. Therefore, database queries may be performed during view rendering. Explicitly configure spring.jpa.open-in-view to disable this warning
2026-06-29 10:45:55 - 

Using generated security password: 91972116-7d71-4471-8d3b-065b73054183

This generated password is for development use only. Your security configuration must be updated before running your application in production.

2026-06-29 10:45:55 - Global AuthenticationManager configured with UserDetailsService bean with name inMemoryUserDetailsManager
2026-06-29 10:45:56 - Eureka HTTP Client uses RestClient.
2026-06-29 10:45:56 - Spring Cloud LoadBalancer is currently working with the default cache. While this cache implementation is useful for development and tests, it's recommended to use Caffeine cache in production.You can switch to using Caffeine cache, by adding it and org.springframework.cache.caffeine.CaffeineCacheManager to the classpath.
2026-06-29 10:45:56 - Exposing 2 endpoints beneath base path '/actuator'
2026-06-29 10:45:56 - Setting initial instance status as: STARTING
2026-06-29 10:45:56 - Initializing Spring DispatcherServlet 'dispatcherServlet'
2026-06-29 10:45:56 - Initializing Servlet 'dispatcherServlet'
2026-06-29 10:45:56 - Completed initialization in 3 ms
2026-06-29 10:45:56 - Initializing Eureka in region us-east-1
2026-06-29 10:45:56 - Resolving eureka endpoints via configuration
2026-06-29 10:45:56 - Disable delta property : false
2026-06-29 10:45:56 - Single vip registry refresh property : null
2026-06-29 10:45:56 - Force full registry fetch : false
2026-06-29 10:45:56 - Application is null : false
2026-06-29 10:45:56 - Registered Applications size is zero : true
2026-06-29 10:45:56 - Application version is -1: true
2026-06-29 10:45:56 - Getting all instance registry info from the eureka server
2026-06-29 10:45:57 - The response status is 200
2026-06-29 10:45:57 - Starting heartbeat executor: renew interval is: 30
2026-06-29 10:45:57 - InstanceInfoReplicator onDemand update allowed rate per min is 4
2026-06-29 10:45:57 - Discovery Client initialized at timestamp 1782744357016 with initial instances count: 1
2026-06-29 10:45:57 - Registering application DESTINATION with eureka with status UP
2026-06-29 10:45:57 - Saw local status change event StatusChangeEvent [timestamp=1782744357018, current=UP, previous=STARTING]
2026-06-29 10:45:57 - DiscoveryClient_DESTINATION/demianbelial:destination:9001: registering service...
2026-06-29 10:45:57 - Tomcat started on port 9001 (http) with context path '/'
2026-06-29 10:45:57 - Updating port to 9001
2026-06-29 10:45:57 - DiscoveryClient_DESTINATION/demianbelial:destination:9001 - registration status: 204
2026-06-29 10:45:57 - Started DestinationApplication in 6.387 seconds (process running for 7.116)
2026-06-29 10:45:57 - SpringDoc /v3/api-docs endpoint is enabled by default. To disable it in production, set the property 'springdoc.api-docs.enabled=false'
2026-06-29 10:45:57 - SpringDoc /index.html endpoint is enabled by default. To disable it in production, set the property 'springdoc.swagger-ui.enabled=false'
2026-06-29 10:50:56 - Resolving eureka endpoints via configuration
2026-06-29 10:55:56 - Resolving eureka endpoints via configuration
2026-06-29 11:00:56 - Resolving eureka endpoints via configuration
2026-06-29 11:05:56 - Resolving eureka endpoints via configuration
2026-06-29 11:10:56 - Resolving eureka endpoints via configuration
2026-06-29 12:09:21 - Starting DestinationApplication using Java 21.0.9 with PID 26044 (E:\DUOC UC\DSY1103\Examen Final\destination\target\classes started by victo in E:\DUOC UC\DSY1103\Examen Final\destination)
2026-06-29 12:09:21 - Running with Spring Boot v4.0.7, Spring v7.0.8
2026-06-29 12:09:21 - No active profile set, falling back to 1 default profile: "default"
2026-06-29 12:09:22 - Bootstrapping Spring Data JPA repositories in DEFAULT mode.
2026-06-29 12:09:22 - Finished Spring Data repository scanning in 66 ms. Found 3 JPA repository interfaces.
2026-06-29 12:09:22 - BeanFactory id=45702e2e-4439-3328-9df1-69f8c5b7ddfa
2026-06-29 12:09:23 - Tomcat initialized with port 9001 (http)
2026-06-29 12:09:23 - Starting service [Tomcat]
2026-06-29 12:09:23 - Starting Servlet engine: [Apache Tomcat/11.0.22]
2026-06-29 12:09:23 - Root WebApplicationContext: initialization completed in 1974 ms
2026-06-29 12:09:23 - HikariPool-1 - Starting...
2026-06-29 12:09:23 - HikariPool-1 - Added connection com.mysql.cj.jdbc.ConnectionImpl@2ce62e27
2026-06-29 12:09:23 - HikariPool-1 - Start completed.
2026-06-29 12:09:23 - Database: jdbc:mysql://localhost:3311/destination (MySQL 8.0)
2026-06-29 12:09:24 - Successfully validated 2 migrations (execution time 00:00.024s)
2026-06-29 12:09:24 - Current version of schema `destination`: 2
2026-06-29 12:09:24 - Schema `destination` is up to date. No migration necessary.
2026-06-29 12:09:24 - HHH008540: Processing PersistenceUnitInfo [name: default]
2026-06-29 12:09:24 - HHH000001: Hibernate ORM core version 7.2.19.Final
2026-06-29 12:09:24 - No LoadTimeWeaver setup: ignoring JPA class transformer
2026-06-29 12:09:24 - HHH90000025: MySQLDialect does not need to be specified explicitly using 'hibernate.dialect' (remove the property setting and it will be selected by default)
2026-06-29 12:09:24 - HHH10001005: Database info:
	Database JDBC URL [jdbc:mysql://localhost:3311/destination]
	Database driver: MySQL Connector/J
	Database dialect: MySQLDialect
	Database version: 8.0.46
	Default catalog/schema: destination/undefined
	Autocommit mode: undefined/unknown
	Isolation level: REPEATABLE_READ [default REPEATABLE_READ]
	JDBC fetch size: none
	Pool: DataSourceConnectionProvider
	Minimum pool size: undefined/unknown
	Maximum pool size: undefined/unknown
2026-06-29 12:09:25 - HHH000489: No JTA platform available (set 'hibernate.transaction.jta.platform' to enable JTA platform integration)
2026-06-29 12:09:25 - Initialized JPA EntityManagerFactory for persistence unit 'default'
2026-06-29 12:09:25 - Hibernate is in classpath; If applicable, HQL parser will be used.
2026-06-29 12:09:25 - spring.jpa.open-in-view is enabled by default. Therefore, database queries may be performed during view rendering. Explicitly configure spring.jpa.open-in-view to disable this warning
2026-06-29 12:09:25 - 

Using generated security password: bb18807a-5fe2-48fb-9a45-593ee61c5e53

This generated password is for development use only. Your security configuration must be updated before running your application in production.

2026-06-29 12:09:25 - Global AuthenticationManager configured with UserDetailsService bean with name inMemoryUserDetailsManager
2026-06-29 12:09:26 - Eureka HTTP Client uses RestClient.
2026-06-29 12:09:26 - Spring Cloud LoadBalancer is currently working with the default cache. While this cache implementation is useful for development and tests, it's recommended to use Caffeine cache in production.You can switch to using Caffeine cache, by adding it and org.springframework.cache.caffeine.CaffeineCacheManager to the classpath.
2026-06-29 12:09:26 - Exposing 2 endpoints beneath base path '/actuator'
2026-06-29 12:09:26 - Setting initial instance status as: STARTING
2026-06-29 12:09:26 - Initializing Eureka in region us-east-1
2026-06-29 12:09:26 - Resolving eureka endpoints via configuration
2026-06-29 12:09:26 - Disable delta property : false
2026-06-29 12:09:26 - Single vip registry refresh property : null
2026-06-29 12:09:26 - Force full registry fetch : false
2026-06-29 12:09:26 - Application is null : false
2026-06-29 12:09:26 - Registered Applications size is zero : true
2026-06-29 12:09:26 - Application version is -1: true
2026-06-29 12:09:26 - Getting all instance registry info from the eureka server
2026-06-29 12:09:26 - The response status is 200
2026-06-29 12:09:26 - Starting heartbeat executor: renew interval is: 30
2026-06-29 12:09:26 - InstanceInfoReplicator onDemand update allowed rate per min is 4
2026-06-29 12:09:26 - Discovery Client initialized at timestamp 1782749366488 with initial instances count: 0
2026-06-29 12:09:26 - Registering application DESTINATION with eureka with status UP
2026-06-29 12:09:26 - Saw local status change event StatusChangeEvent [timestamp=1782749366492, current=UP, previous=STARTING]
2026-06-29 12:09:26 - DiscoveryClient_DESTINATION/demianbelial:destination:9001: registering service...
2026-06-29 12:09:26 - Tomcat started on port 9001 (http) with context path '/'
2026-06-29 12:09:26 - Updating port to 9001
2026-06-29 12:09:26 - DiscoveryClient_DESTINATION/demianbelial:destination:9001 - registration status: 204
2026-06-29 12:09:26 - Started DestinationApplication in 5.632 seconds (process running for 6.146)
2026-06-29 12:09:26 - SpringDoc /v3/api-docs endpoint is enabled by default. To disable it in production, set the property 'springdoc.api-docs.enabled=false'
2026-06-29 12:09:26 - SpringDoc /index.html endpoint is enabled by default. To disable it in production, set the property 'springdoc.swagger-ui.enabled=false'
2026-06-29 12:09:27 - Initializing Spring DispatcherServlet 'dispatcherServlet'
2026-06-29 12:09:27 - Initializing Servlet 'dispatcherServlet'
2026-06-29 12:09:27 - Completed initialization in 1 ms
2026-06-29 12:09:56 - Disable delta property : false
2026-06-29 12:09:56 - Single vip registry refresh property : null
2026-06-29 12:09:56 - Force full registry fetch : false
2026-06-29 12:09:56 - Application is null : false
2026-06-29 12:09:56 - Registered Applications size is zero : true
2026-06-29 12:09:56 - Application version is -1: false
2026-06-29 12:09:56 - Getting all instance registry info from the eureka server
2026-06-29 12:09:56 - The response status is 200
2026-06-29 12:14:26 - Resolving eureka endpoints via configuration
2026-06-29 12:19:26 - Resolving eureka endpoints via configuration
2026-06-29 12:24:26 - Resolving eureka endpoints via configuration
2026-06-29 12:29:26 - Resolving eureka endpoints via configuration
2026-06-29 12:34:26 - Resolving eureka endpoints via configuration
2026-06-29 12:39:26 - Resolving eureka endpoints via configuration
2026-06-29 12:44:26 - Resolving eureka endpoints via configuration
2026-06-29 12:49:26 - Resolving eureka endpoints via configuration
2026-06-29 12:54:26 - Resolving eureka endpoints via configuration
2026-06-29 12:59:26 - Resolving eureka endpoints via configuration
2026-06-29 13:04:26 - Resolving eureka endpoints via configuration
2026-06-29 13:09:26 - Resolving eureka endpoints via configuration
2026-06-29 13:14:26 - Resolving eureka endpoints via configuration
2026-06-29 13:19:26 - Resolving eureka endpoints via configuration
2026-06-29 13:24:26 - Resolving eureka endpoints via configuration
2026-06-29 13:29:26 - Resolving eureka endpoints via configuration
2026-06-29 13:34:26 - Resolving eureka endpoints via configuration
2026-06-29 13:39:26 - Resolving eureka endpoints via configuration
2026-06-29 13:44:26 - Resolving eureka endpoints via configuration
2026-06-29 13:49:26 - Resolving eureka endpoints via configuration
2026-06-29 13:54:26 - Resolving eureka endpoints via configuration
2026-06-29 13:59:26 - Resolving eureka endpoints via configuration
2026-06-29 14:04:26 - Resolving eureka endpoints via configuration
2026-06-29 14:09:26 - Resolving eureka endpoints via configuration
2026-06-29 14:14:26 - Resolving eureka endpoints via configuration
2026-06-29 14:19:26 - Resolving eureka endpoints via configuration
2026-06-29 14:24:26 - Resolving eureka endpoints via configuration
2026-06-29 14:29:26 - Resolving eureka endpoints via configuration
2026-06-29 14:34:26 - Resolving eureka endpoints via configuration
2026-06-29 14:39:26 - Resolving eureka endpoints via configuration
2026-06-29 14:55:49 - Starting DestinationApplication using Java 21.0.9 with PID 44288 (E:\DUOC UC\DSY1103\Examen Final\destination\target\classes started by victo in E:\DUOC UC\DSY1103\Examen Final\destination)
2026-06-29 14:55:49 - Running with Spring Boot v4.0.7, Spring v7.0.8
2026-06-29 14:55:49 - No active profile set, falling back to 1 default profile: "default"
2026-06-29 14:55:50 - Bootstrapping Spring Data JPA repositories in DEFAULT mode.
2026-06-29 14:55:51 - Finished Spring Data repository scanning in 70 ms. Found 3 JPA repository interfaces.
2026-06-29 14:55:51 - BeanFactory id=45702e2e-4439-3328-9df1-69f8c5b7ddfa
2026-06-29 14:55:51 - Tomcat initialized with port 9001 (http)
2026-06-29 14:55:51 - Starting service [Tomcat]
2026-06-29 14:55:51 - Starting Servlet engine: [Apache Tomcat/11.0.22]
2026-06-29 14:55:52 - Root WebApplicationContext: initialization completed in 2057 ms
2026-06-29 14:55:52 - HikariPool-1 - Starting...
2026-06-29 14:55:52 - HikariPool-1 - Added connection com.mysql.cj.jdbc.ConnectionImpl@742dbac8
2026-06-29 14:55:52 - HikariPool-1 - Start completed.
2026-06-29 14:55:52 - Database: jdbc:mysql://localhost:3311/destination (MySQL 8.0)
2026-06-29 14:55:53 - Successfully validated 2 migrations (execution time 00:00.038s)
2026-06-29 14:55:53 - Current version of schema `destination`: 2
2026-06-29 14:55:53 - Schema `destination` is up to date. No migration necessary.
2026-06-29 14:55:53 - HHH008540: Processing PersistenceUnitInfo [name: default]
2026-06-29 14:55:53 - HHH000001: Hibernate ORM core version 7.2.19.Final
2026-06-29 14:55:53 - No LoadTimeWeaver setup: ignoring JPA class transformer
2026-06-29 14:55:53 - HHH90000025: MySQLDialect does not need to be specified explicitly using 'hibernate.dialect' (remove the property setting and it will be selected by default)
2026-06-29 14:55:53 - HHH10001005: Database info:
	Database JDBC URL [jdbc:mysql://localhost:3311/destination]
	Database driver: MySQL Connector/J
	Database dialect: MySQLDialect
	Database version: 8.0.46
	Default catalog/schema: destination/undefined
	Autocommit mode: undefined/unknown
	Isolation level: REPEATABLE_READ [default REPEATABLE_READ]
	JDBC fetch size: none
	Pool: DataSourceConnectionProvider
	Minimum pool size: undefined/unknown
	Maximum pool size: undefined/unknown
2026-06-29 14:55:53 - HHH000489: No JTA platform available (set 'hibernate.transaction.jta.platform' to enable JTA platform integration)
2026-06-29 14:55:53 - Initialized JPA EntityManagerFactory for persistence unit 'default'
2026-06-29 14:55:54 - Hibernate is in classpath; If applicable, HQL parser will be used.
2026-06-29 14:55:54 - spring.jpa.open-in-view is enabled by default. Therefore, database queries may be performed during view rendering. Explicitly configure spring.jpa.open-in-view to disable this warning
2026-06-29 14:55:54 - 

Using generated security password: 87eb4f44-1342-4dc8-a9ca-1e0ab57d86b1

This generated password is for development use only. Your security configuration must be updated before running your application in production.

2026-06-29 14:55:54 - Global AuthenticationManager configured with UserDetailsService bean with name inMemoryUserDetailsManager
2026-06-29 14:55:54 - Eureka HTTP Client uses RestClient.
2026-06-29 14:55:54 - Spring Cloud LoadBalancer is currently working with the default cache. While this cache implementation is useful for development and tests, it's recommended to use Caffeine cache in production.You can switch to using Caffeine cache, by adding it and org.springframework.cache.caffeine.CaffeineCacheManager to the classpath.
2026-06-29 14:55:54 - Exposing 2 endpoints beneath base path '/actuator'
2026-06-29 14:55:55 - Setting initial instance status as: STARTING
2026-06-29 14:55:55 - Initializing Eureka in region us-east-1
2026-06-29 14:55:55 - Resolving eureka endpoints via configuration
2026-06-29 14:55:55 - Disable delta property : false
2026-06-29 14:55:55 - Single vip registry refresh property : null
2026-06-29 14:55:55 - Force full registry fetch : false
2026-06-29 14:55:55 - Application is null : false
2026-06-29 14:55:55 - Registered Applications size is zero : true
2026-06-29 14:55:55 - Application version is -1: true
2026-06-29 14:55:55 - Getting all instance registry info from the eureka server
2026-06-29 14:55:55 - The response status is 200
2026-06-29 14:55:55 - Starting heartbeat executor: renew interval is: 30
2026-06-29 14:55:55 - InstanceInfoReplicator onDemand update allowed rate per min is 4
2026-06-29 14:55:55 - Discovery Client initialized at timestamp 1782759355208 with initial instances count: 1
2026-06-29 14:55:55 - Registering application DESTINATION with eureka with status UP
2026-06-29 14:55:55 - Saw local status change event StatusChangeEvent [timestamp=1782759355210, current=UP, previous=STARTING]
2026-06-29 14:55:55 - DiscoveryClient_DESTINATION/demianbelial:destination:9001: registering service...
2026-06-29 14:55:55 - Tomcat started on port 9001 (http) with context path '/'
2026-06-29 14:55:55 - Updating port to 9001
2026-06-29 14:55:55 - DiscoveryClient_DESTINATION/demianbelial:destination:9001 - registration status: 204
2026-06-29 14:55:55 - Started DestinationApplication in 5.696 seconds (process running for 6.218)
2026-06-29 14:55:55 - SpringDoc /v3/api-docs endpoint is enabled by default. To disable it in production, set the property 'springdoc.api-docs.enabled=false'
2026-06-29 14:55:55 - SpringDoc /index.html endpoint is enabled by default. To disable it in production, set the property 'springdoc.swagger-ui.enabled=false'
2026-06-29 14:55:55 - Initializing Spring DispatcherServlet 'dispatcherServlet'
2026-06-29 14:55:55 - Initializing Servlet 'dispatcherServlet'
2026-06-29 14:55:55 - Completed initialization in 1 ms
2026-06-29 15:00:55 - Resolving eureka endpoints via configuration
2026-06-29 15:03:26 - Starting DestinationApplication using Java 21.0.9 with PID 25384 (E:\DUOC UC\DSY1103\Examen Final\destination\target\classes started by victo in E:\DUOC UC\DSY1103\Examen Final\destination)
2026-06-29 15:03:26 - Running with Spring Boot v4.0.7, Spring v7.0.8
2026-06-29 15:03:26 - No active profile set, falling back to 1 default profile: "default"
2026-06-29 15:03:27 - Bootstrapping Spring Data JPA repositories in DEFAULT mode.
2026-06-29 15:03:27 - Finished Spring Data repository scanning in 71 ms. Found 3 JPA repository interfaces.
2026-06-29 15:03:28 - BeanFactory id=45702e2e-4439-3328-9df1-69f8c5b7ddfa
2026-06-29 15:03:28 - Tomcat initialized with port 9001 (http)
2026-06-29 15:03:28 - Starting service [Tomcat]
2026-06-29 15:03:28 - Starting Servlet engine: [Apache Tomcat/11.0.22]
2026-06-29 15:03:28 - Root WebApplicationContext: initialization completed in 1912 ms
2026-06-29 15:03:28 - HikariPool-1 - Starting...
2026-06-29 15:03:29 - HikariPool-1 - Added connection com.mysql.cj.jdbc.ConnectionImpl@3adeca1f
2026-06-29 15:03:29 - HikariPool-1 - Start completed.
2026-06-29 15:03:29 - Database: jdbc:mysql://localhost:3311/destination (MySQL 8.0)
2026-06-29 15:03:29 - Successfully validated 2 migrations (execution time 00:00.022s)
2026-06-29 15:03:29 - Current version of schema `destination`: 2
2026-06-29 15:03:29 - Schema `destination` is up to date. No migration necessary.
2026-06-29 15:03:29 - HHH008540: Processing PersistenceUnitInfo [name: default]
2026-06-29 15:03:29 - HHH000001: Hibernate ORM core version 7.2.19.Final
2026-06-29 15:03:29 - No LoadTimeWeaver setup: ignoring JPA class transformer
2026-06-29 15:03:29 - HHH90000025: MySQLDialect does not need to be specified explicitly using 'hibernate.dialect' (remove the property setting and it will be selected by default)
2026-06-29 15:03:29 - HHH10001005: Database info:
	Database JDBC URL [jdbc:mysql://localhost:3311/destination]
	Database driver: MySQL Connector/J
	Database dialect: MySQLDialect
	Database version: 8.0.46
	Default catalog/schema: destination/undefined
	Autocommit mode: undefined/unknown
	Isolation level: REPEATABLE_READ [default REPEATABLE_READ]
	JDBC fetch size: none
	Pool: DataSourceConnectionProvider
	Minimum pool size: undefined/unknown
	Maximum pool size: undefined/unknown
2026-06-29 15:03:30 - HHH000489: No JTA platform available (set 'hibernate.transaction.jta.platform' to enable JTA platform integration)
2026-06-29 15:03:30 - Initialized JPA EntityManagerFactory for persistence unit 'default'
2026-06-29 15:03:30 - Hibernate is in classpath; If applicable, HQL parser will be used.
2026-06-29 15:03:30 - spring.jpa.open-in-view is enabled by default. Therefore, database queries may be performed during view rendering. Explicitly configure spring.jpa.open-in-view to disable this warning
2026-06-29 15:03:30 - 

Using generated security password: e6c563b1-2255-44a4-94ec-7b27512de956

This generated password is for development use only. Your security configuration must be updated before running your application in production.

2026-06-29 15:03:30 - Global AuthenticationManager configured with UserDetailsService bean with name inMemoryUserDetailsManager
2026-06-29 15:03:31 - Eureka HTTP Client uses RestClient.
2026-06-29 15:03:31 - Spring Cloud LoadBalancer is currently working with the default cache. While this cache implementation is useful for development and tests, it's recommended to use Caffeine cache in production.You can switch to using Caffeine cache, by adding it and org.springframework.cache.caffeine.CaffeineCacheManager to the classpath.
2026-06-29 15:03:31 - Exposing 2 endpoints beneath base path '/actuator'
2026-06-29 15:03:31 - Setting initial instance status as: STARTING
2026-06-29 15:03:31 - Initializing Eureka in region us-east-1
2026-06-29 15:03:31 - Resolving eureka endpoints via configuration
2026-06-29 15:03:31 - Disable delta property : false
2026-06-29 15:03:31 - Single vip registry refresh property : null
2026-06-29 15:03:31 - Force full registry fetch : false
2026-06-29 15:03:31 - Application is null : false
2026-06-29 15:03:31 - Registered Applications size is zero : true
2026-06-29 15:03:31 - Application version is -1: true
2026-06-29 15:03:31 - Getting all instance registry info from the eureka server
2026-06-29 15:03:31 - The response status is 200
2026-06-29 15:03:31 - Starting heartbeat executor: renew interval is: 30
2026-06-29 15:03:31 - InstanceInfoReplicator onDemand update allowed rate per min is 4
2026-06-29 15:03:31 - Discovery Client initialized at timestamp 1782759811717 with initial instances count: 2
2026-06-29 15:03:31 - Registering application DESTINATION with eureka with status UP
2026-06-29 15:03:31 - Saw local status change event StatusChangeEvent [timestamp=1782759811720, current=UP, previous=STARTING]
2026-06-29 15:03:31 - DiscoveryClient_DESTINATION/demianbelial:destination:9001: registering service...
2026-06-29 15:03:31 - Tomcat started on port 9001 (http) with context path '/'
2026-06-29 15:03:31 - Updating port to 9001
2026-06-29 15:03:31 - DiscoveryClient_DESTINATION/demianbelial:destination:9001 - registration status: 204
2026-06-29 15:03:31 - Started DestinationApplication in 5.55 seconds (process running for 6.039)
2026-06-29 15:03:31 - SpringDoc /v3/api-docs endpoint is enabled by default. To disable it in production, set the property 'springdoc.api-docs.enabled=false'
2026-06-29 15:03:31 - SpringDoc /index.html endpoint is enabled by default. To disable it in production, set the property 'springdoc.swagger-ui.enabled=false'
2026-06-29 15:03:32 - Initializing Spring DispatcherServlet 'dispatcherServlet'
2026-06-29 15:03:32 - Initializing Servlet 'dispatcherServlet'
2026-06-29 15:03:32 - Completed initialization in 0 ms
2026-06-29 15:08:31 - Resolving eureka endpoints via configuration
2026-06-29 15:11:13 - Resolved [org.springframework.web.method.annotation.MethodArgumentTypeMismatchException: Method parameter 'id': Failed to convert value of type 'java.lang.String' to required type 'java.util.UUID'; Invalid UUID string: {{destinationId}}]
2026-06-29 15:13:31 - Resolving eureka endpoints via configuration
2026-06-29 15:18:31 - Resolving eureka endpoints via configuration
2026-06-29 15:23:31 - Resolving eureka endpoints via configuration
2026-06-29 15:28:31 - Resolving eureka endpoints via configuration
2026-06-29 15:33:31 - Resolving eureka endpoints via configuration
2026-06-29 15:38:31 - Resolving eureka endpoints via configuration
2026-06-29 15:43:31 - Resolving eureka endpoints via configuration
2026-06-29 15:48:42 - Starting DestinationApplication using Java 21.0.9 with PID 35208 (E:\DUOC UC\DSY1103\Examen Final\destination\target\classes started by victo in E:\DUOC UC\DSY1103\Examen Final\destination)
2026-06-29 15:48:42 - Running with Spring Boot v4.0.7, Spring v7.0.8
2026-06-29 15:48:42 - No active profile set, falling back to 1 default profile: "default"
2026-06-29 15:48:43 - Bootstrapping Spring Data JPA repositories in DEFAULT mode.
2026-06-29 15:48:43 - Finished Spring Data repository scanning in 68 ms. Found 3 JPA repository interfaces.
2026-06-29 15:48:43 - BeanFactory id=45702e2e-4439-3328-9df1-69f8c5b7ddfa
2026-06-29 15:48:43 - Tomcat initialized with port 9001 (http)
2026-06-29 15:48:44 - Starting service [Tomcat]
2026-06-29 15:48:44 - Starting Servlet engine: [Apache Tomcat/11.0.22]
2026-06-29 15:48:44 - Root WebApplicationContext: initialization completed in 1923 ms
2026-06-29 15:48:44 - HikariPool-1 - Starting...
2026-06-29 15:48:44 - HikariPool-1 - Added connection com.mysql.cj.jdbc.ConnectionImpl@d28a235
2026-06-29 15:48:44 - HikariPool-1 - Start completed.
2026-06-29 15:48:44 - Database: jdbc:mysql://localhost:3311/destination (MySQL 8.0)
2026-06-29 15:48:45 - Successfully validated 2 migrations (execution time 00:00.023s)
2026-06-29 15:48:45 - Current version of schema `destination`: 2
2026-06-29 15:48:45 - Schema `destination` is up to date. No migration necessary.
2026-06-29 15:48:45 - HHH008540: Processing PersistenceUnitInfo [name: default]
2026-06-29 15:48:45 - HHH000001: Hibernate ORM core version 7.2.19.Final
2026-06-29 15:48:45 - No LoadTimeWeaver setup: ignoring JPA class transformer
2026-06-29 15:48:45 - HHH90000025: MySQLDialect does not need to be specified explicitly using 'hibernate.dialect' (remove the property setting and it will be selected by default)
2026-06-29 15:48:45 - HHH10001005: Database info:
	Database JDBC URL [jdbc:mysql://localhost:3311/destination]
	Database driver: MySQL Connector/J
	Database dialect: MySQLDialect
	Database version: 8.0.46
	Default catalog/schema: destination/undefined
	Autocommit mode: undefined/unknown
	Isolation level: REPEATABLE_READ [default REPEATABLE_READ]
	JDBC fetch size: none
	Pool: DataSourceConnectionProvider
	Minimum pool size: undefined/unknown
	Maximum pool size: undefined/unknown
2026-06-29 15:48:45 - HHH000489: No JTA platform available (set 'hibernate.transaction.jta.platform' to enable JTA platform integration)
2026-06-29 15:48:45 - Initialized JPA EntityManagerFactory for persistence unit 'default'
2026-06-29 15:48:46 - Hibernate is in classpath; If applicable, HQL parser will be used.
2026-06-29 15:48:46 - spring.jpa.open-in-view is enabled by default. Therefore, database queries may be performed during view rendering. Explicitly configure spring.jpa.open-in-view to disable this warning
2026-06-29 15:48:46 - 

Using generated security password: bf34fe91-ccc8-4db7-8bd8-5c0c15fa8623

This generated password is for development use only. Your security configuration must be updated before running your application in production.

2026-06-29 15:48:46 - Global AuthenticationManager configured with UserDetailsService bean with name inMemoryUserDetailsManager
2026-06-29 15:48:47 - Eureka HTTP Client uses RestClient.
2026-06-29 15:48:47 - Spring Cloud LoadBalancer is currently working with the default cache. While this cache implementation is useful for development and tests, it's recommended to use Caffeine cache in production.You can switch to using Caffeine cache, by adding it and org.springframework.cache.caffeine.CaffeineCacheManager to the classpath.
2026-06-29 15:48:47 - Exposing 2 endpoints beneath base path '/actuator'
2026-06-29 15:48:47 - Setting initial instance status as: STARTING
2026-06-29 15:48:47 - Initializing Eureka in region us-east-1
2026-06-29 15:48:47 - Resolving eureka endpoints via configuration
2026-06-29 15:48:47 - Disable delta property : false
2026-06-29 15:48:47 - Single vip registry refresh property : null
2026-06-29 15:48:47 - Force full registry fetch : false
2026-06-29 15:48:47 - Application is null : false
2026-06-29 15:48:47 - Registered Applications size is zero : true
2026-06-29 15:48:47 - Application version is -1: true
2026-06-29 15:48:47 - Getting all instance registry info from the eureka server
2026-06-29 15:48:47 - The response status is 200
2026-06-29 15:48:47 - Starting heartbeat executor: renew interval is: 30
2026-06-29 15:48:47 - InstanceInfoReplicator onDemand update allowed rate per min is 4
2026-06-29 15:48:47 - Discovery Client initialized at timestamp 1782762527327 with initial instances count: 0
2026-06-29 15:48:47 - Registering application DESTINATION with eureka with status UP
2026-06-29 15:48:47 - Saw local status change event StatusChangeEvent [timestamp=1782762527330, current=UP, previous=STARTING]
2026-06-29 15:48:47 - DiscoveryClient_DESTINATION/demianbelial:destination:9001: registering service...
2026-06-29 15:48:47 - Tomcat started on port 9001 (http) with context path '/'
2026-06-29 15:48:47 - Updating port to 9001
2026-06-29 15:48:47 - DiscoveryClient_DESTINATION/demianbelial:destination:9001 - registration status: 204
2026-06-29 15:48:47 - Started DestinationApplication in 5.656 seconds (process running for 6.145)
2026-06-29 15:48:47 - SpringDoc /v3/api-docs endpoint is enabled by default. To disable it in production, set the property 'springdoc.api-docs.enabled=false'
2026-06-29 15:48:47 - SpringDoc /index.html endpoint is enabled by default. To disable it in production, set the property 'springdoc.swagger-ui.enabled=false'
2026-06-29 15:48:47 - Initializing Spring DispatcherServlet 'dispatcherServlet'
2026-06-29 15:48:47 - Initializing Servlet 'dispatcherServlet'
2026-06-29 15:48:47 - Completed initialization in 1 ms
2026-06-29 15:49:17 - Disable delta property : false
2026-06-29 15:49:17 - Single vip registry refresh property : null
2026-06-29 15:49:17 - Force full registry fetch : false
2026-06-29 15:49:17 - Application is null : false
2026-06-29 15:49:17 - Registered Applications size is zero : true
2026-06-29 15:49:17 - Application version is -1: false
2026-06-29 15:49:17 - Getting all instance registry info from the eureka server
2026-06-29 15:49:17 - The response status is 200
2026-06-29 15:52:03 - Starting DestinationApplication using Java 21.0.9 with PID 9644 (E:\DUOC UC\DSY1103\Examen Final\destination\target\classes started by victo in E:\DUOC UC\DSY1103\Examen Final\destination)
2026-06-29 15:52:03 - Running with Spring Boot v4.0.7, Spring v7.0.8
2026-06-29 15:52:03 - No active profile set, falling back to 1 default profile: "default"
2026-06-29 15:52:04 - Bootstrapping Spring Data JPA repositories in DEFAULT mode.
2026-06-29 15:52:05 - Finished Spring Data repository scanning in 78 ms. Found 3 JPA repository interfaces.
2026-06-29 15:52:05 - BeanFactory id=45702e2e-4439-3328-9df1-69f8c5b7ddfa
2026-06-29 15:52:05 - Tomcat initialized with port 9001 (http)
2026-06-29 15:52:05 - Starting service [Tomcat]
2026-06-29 15:52:05 - Starting Servlet engine: [Apache Tomcat/11.0.22]
2026-06-29 15:52:05 - Root WebApplicationContext: initialization completed in 1932 ms
2026-06-29 15:52:06 - HikariPool-1 - Starting...
2026-06-29 15:52:06 - HikariPool-1 - Added connection com.mysql.cj.jdbc.ConnectionImpl@43e30f15
2026-06-29 15:52:06 - HikariPool-1 - Start completed.
2026-06-29 15:52:06 - Database: jdbc:mysql://localhost:3311/destination (MySQL 8.0)
2026-06-29 15:52:06 - Successfully validated 2 migrations (execution time 00:00.022s)
2026-06-29 15:52:06 - Current version of schema `destination`: 2
2026-06-29 15:52:06 - Schema `destination` is up to date. No migration necessary.
2026-06-29 15:52:06 - HHH008540: Processing PersistenceUnitInfo [name: default]
2026-06-29 15:52:07 - HHH000001: Hibernate ORM core version 7.2.19.Final
2026-06-29 15:52:07 - No LoadTimeWeaver setup: ignoring JPA class transformer
2026-06-29 15:52:07 - HHH90000025: MySQLDialect does not need to be specified explicitly using 'hibernate.dialect' (remove the property setting and it will be selected by default)
2026-06-29 15:52:07 - HHH10001005: Database info:
	Database JDBC URL [jdbc:mysql://localhost:3311/destination]
	Database driver: MySQL Connector/J
	Database dialect: MySQLDialect
	Database version: 8.0.46
	Default catalog/schema: destination/undefined
	Autocommit mode: undefined/unknown
	Isolation level: REPEATABLE_READ [default REPEATABLE_READ]
	JDBC fetch size: none
	Pool: DataSourceConnectionProvider
	Minimum pool size: undefined/unknown
	Maximum pool size: undefined/unknown
2026-06-29 15:52:07 - HHH000489: No JTA platform available (set 'hibernate.transaction.jta.platform' to enable JTA platform integration)
2026-06-29 15:52:07 - Initialized JPA EntityManagerFactory for persistence unit 'default'
2026-06-29 15:52:07 - Hibernate is in classpath; If applicable, HQL parser will be used.
2026-06-29 15:52:08 - spring.jpa.open-in-view is enabled by default. Therefore, database queries may be performed during view rendering. Explicitly configure spring.jpa.open-in-view to disable this warning
2026-06-29 15:52:08 - 

Using generated security password: 17a1a654-35f6-4975-aaa1-02514c459fb9

This generated password is for development use only. Your security configuration must be updated before running your application in production.

2026-06-29 15:52:08 - Global AuthenticationManager configured with UserDetailsService bean with name inMemoryUserDetailsManager
2026-06-29 15:52:08 - Eureka HTTP Client uses RestClient.
2026-06-29 15:52:08 - Spring Cloud LoadBalancer is currently working with the default cache. While this cache implementation is useful for development and tests, it's recommended to use Caffeine cache in production.You can switch to using Caffeine cache, by adding it and org.springframework.cache.caffeine.CaffeineCacheManager to the classpath.
2026-06-29 15:52:08 - Exposing 2 endpoints beneath base path '/actuator'
2026-06-29 15:52:08 - Setting initial instance status as: STARTING
2026-06-29 15:52:08 - Initializing Eureka in region us-east-1
2026-06-29 15:52:08 - Resolving eureka endpoints via configuration
2026-06-29 15:52:08 - Disable delta property : false
2026-06-29 15:52:08 - Single vip registry refresh property : null
2026-06-29 15:52:08 - Force full registry fetch : false
2026-06-29 15:52:08 - Application is null : false
2026-06-29 15:52:08 - Registered Applications size is zero : true
2026-06-29 15:52:08 - Application version is -1: true
2026-06-29 15:52:08 - Getting all instance registry info from the eureka server
2026-06-29 15:52:09 - The response status is 200
2026-06-29 15:52:09 - Starting heartbeat executor: renew interval is: 30
2026-06-29 15:52:09 - InstanceInfoReplicator onDemand update allowed rate per min is 4
2026-06-29 15:52:09 - Discovery Client initialized at timestamp 1782762729046 with initial instances count: 0
2026-06-29 15:52:09 - Registering application DESTINATION with eureka with status UP
2026-06-29 15:52:09 - Saw local status change event StatusChangeEvent [timestamp=1782762729049, current=UP, previous=STARTING]
2026-06-29 15:52:09 - DiscoveryClient_DESTINATION/demianbelial:destination:9001: registering service...
2026-06-29 15:52:09 - Tomcat started on port 9001 (http) with context path '/'
2026-06-29 15:52:09 - Updating port to 9001
2026-06-29 15:52:09 - DiscoveryClient_DESTINATION/demianbelial:destination:9001 - registration status: 204
2026-06-29 15:52:09 - Started DestinationApplication in 5.487 seconds (process running for 6.003)
2026-06-29 15:52:09 - SpringDoc /v3/api-docs endpoint is enabled by default. To disable it in production, set the property 'springdoc.api-docs.enabled=false'
2026-06-29 15:52:09 - SpringDoc /index.html endpoint is enabled by default. To disable it in production, set the property 'springdoc.swagger-ui.enabled=false'
2026-06-29 15:52:09 - Initializing Spring DispatcherServlet 'dispatcherServlet'
2026-06-29 15:52:09 - Initializing Servlet 'dispatcherServlet'
2026-06-29 15:52:09 - Completed initialization in 1 ms
2026-06-29 15:52:39 - Disable delta property : false
2026-06-29 15:52:39 - Single vip registry refresh property : null
2026-06-29 15:52:39 - Force full registry fetch : false
2026-06-29 15:52:39 - Application is null : false
2026-06-29 15:52:39 - Registered Applications size is zero : true
2026-06-29 15:52:39 - Application version is -1: false
2026-06-29 15:52:39 - Getting all instance registry info from the eureka server
2026-06-29 15:52:39 - The response status is 200
2026-06-29 15:56:58 - Starting DestinationApplication using Java 21.0.9 with PID 4576 (E:\DUOC UC\DSY1103\Examen Final\destination\target\classes started by victo in E:\DUOC UC\DSY1103\Examen Final\destination)
2026-06-29 15:56:58 - Running with Spring Boot v4.0.7, Spring v7.0.8
2026-06-29 15:56:58 - No active profile set, falling back to 1 default profile: "default"
2026-06-29 15:56:59 - Bootstrapping Spring Data JPA repositories in DEFAULT mode.
2026-06-29 15:56:59 - Finished Spring Data repository scanning in 72 ms. Found 3 JPA repository interfaces.
2026-06-29 15:56:59 - BeanFactory id=45702e2e-4439-3328-9df1-69f8c5b7ddfa
2026-06-29 15:56:59 - Tomcat initialized with port 9001 (http)
2026-06-29 15:57:00 - Starting service [Tomcat]
2026-06-29 15:57:00 - Starting Servlet engine: [Apache Tomcat/11.0.22]
2026-06-29 15:57:00 - Root WebApplicationContext: initialization completed in 1995 ms
2026-06-29 15:57:00 - HikariPool-1 - Starting...
2026-06-29 15:57:00 - HikariPool-1 - Added connection com.mysql.cj.jdbc.ConnectionImpl@1d57b8f1
2026-06-29 15:57:00 - HikariPool-1 - Start completed.
2026-06-29 15:57:00 - Database: jdbc:mysql://localhost:3311/destination (MySQL 8.0)
2026-06-29 15:57:01 - Successfully validated 2 migrations (execution time 00:00.022s)
2026-06-29 15:57:01 - Current version of schema `destination`: 2
2026-06-29 15:57:01 - Schema `destination` is up to date. No migration necessary.
2026-06-29 15:57:01 - HHH008540: Processing PersistenceUnitInfo [name: default]
2026-06-29 15:57:01 - HHH000001: Hibernate ORM core version 7.2.19.Final
2026-06-29 15:57:01 - No LoadTimeWeaver setup: ignoring JPA class transformer
2026-06-29 15:57:01 - HHH90000025: MySQLDialect does not need to be specified explicitly using 'hibernate.dialect' (remove the property setting and it will be selected by default)
2026-06-29 15:57:01 - HHH10001005: Database info:
	Database JDBC URL [jdbc:mysql://localhost:3311/destination]
	Database driver: MySQL Connector/J
	Database dialect: MySQLDialect
	Database version: 8.0.46
	Default catalog/schema: destination/undefined
	Autocommit mode: undefined/unknown
	Isolation level: REPEATABLE_READ [default REPEATABLE_READ]
	JDBC fetch size: none
	Pool: DataSourceConnectionProvider
	Minimum pool size: undefined/unknown
	Maximum pool size: undefined/unknown
2026-06-29 15:57:01 - HHH000489: No JTA platform available (set 'hibernate.transaction.jta.platform' to enable JTA platform integration)
2026-06-29 15:57:01 - Initialized JPA EntityManagerFactory for persistence unit 'default'
2026-06-29 15:57:02 - Hibernate is in classpath; If applicable, HQL parser will be used.
2026-06-29 15:57:02 - spring.jpa.open-in-view is enabled by default. Therefore, database queries may be performed during view rendering. Explicitly configure spring.jpa.open-in-view to disable this warning
2026-06-29 15:57:02 - 

Using generated security password: 7c2ddbd1-f30b-4564-9d17-665358f892eb

This generated password is for development use only. Your security configuration must be updated before running your application in production.

2026-06-29 15:57:02 - Global AuthenticationManager configured with UserDetailsService bean with name inMemoryUserDetailsManager
2026-06-29 15:57:02 - Eureka HTTP Client uses RestClient.
2026-06-29 15:57:02 - Spring Cloud LoadBalancer is currently working with the default cache. While this cache implementation is useful for development and tests, it's recommended to use Caffeine cache in production.You can switch to using Caffeine cache, by adding it and org.springframework.cache.caffeine.CaffeineCacheManager to the classpath.
2026-06-29 15:57:02 - Exposing 2 endpoints beneath base path '/actuator'
2026-06-29 15:57:02 - Setting initial instance status as: STARTING
2026-06-29 15:57:03 - Initializing Eureka in region us-east-1
2026-06-29 15:57:03 - Resolving eureka endpoints via configuration
2026-06-29 15:57:03 - Disable delta property : false
2026-06-29 15:57:03 - Single vip registry refresh property : null
2026-06-29 15:57:03 - Force full registry fetch : false
2026-06-29 15:57:03 - Application is null : false
2026-06-29 15:57:03 - Registered Applications size is zero : true
2026-06-29 15:57:03 - Application version is -1: true
2026-06-29 15:57:03 - Getting all instance registry info from the eureka server
2026-06-29 15:57:03 - Request execution error. endpoint=DefaultEndpoint{ serviceUrl='http://localhost:8761/eureka/}, exception=I/O error on GET request for "http://localhost:8761/eureka/apps/": Connect to http://localhost:8761 failed: Connection refused: getsockopt stacktrace=org.springframework.web.client.ResourceAccessException: I/O error on GET request for "http://localhost:8761/eureka/apps/": Connect to http://localhost:8761 failed: Connection refused: getsockopt
	at org.springframework.web.client.DefaultRestClient$DefaultRequestBodyUriSpec.createResourceAccessException(DefaultRestClient.java:779)
	at org.springframework.web.client.DefaultRestClient$DefaultRequestBodyUriSpec.exchangeInternal(DefaultRestClient.java:624)
	at org.springframework.web.client.DefaultRestClient$DefaultRequestBodyUriSpec.exchange(DefaultRestClient.java:572)
	at org.springframework.web.client.RestClient$RequestHeadersSpec.exchange(RestClient.java:747)
	at org.springframework.web.client.DefaultRestClient$DefaultResponseSpec.executeAndExtract(DefaultRestClient.java:924)
	at org.springframework.web.client.DefaultRestClient$DefaultResponseSpec.toEntityInternal(DefaultRestClient.java:870)
	at org.springframework.web.client.DefaultRestClient$DefaultResponseSpec.toEntity(DefaultRestClient.java:859)
	at org.springframework.cloud.netflix.eureka.http.RestClientEurekaHttpClient.getApplicationsInternal(RestClientEurekaHttpClient.java:201)
	at org.springframework.cloud.netflix.eureka.http.RestClientEurekaHttpClient.getApplications(RestClientEurekaHttpClient.java:137)
	at com.netflix.discovery.shared.transport.decorator.EurekaHttpClientDecorator$6.execute(EurekaHttpClientDecorator.java:137)
	at com.netflix.discovery.shared.transport.decorator.RedirectingEurekaHttpClient.executeOnNewServer(RedirectingEurekaHttpClient.java:121)
	at com.netflix.discovery.shared.transport.decorator.RedirectingEurekaHttpClient.execute(RedirectingEurekaHttpClient.java:80)
	at com.netflix.discovery.shared.transport.decorator.EurekaHttpClientDecorator.getApplications(EurekaHttpClientDecorator.java:134)
	at com.netflix.discovery.shared.transport.decorator.EurekaHttpClientDecorator$6.execute(EurekaHttpClientDecorator.java:137)
	at com.netflix.discovery.shared.transport.decorator.RetryableEurekaHttpClient.execute(RetryableEurekaHttpClient.java:120)
	at com.netflix.discovery.shared.transport.decorator.EurekaHttpClientDecorator.getApplications(EurekaHttpClientDecorator.java:134)
	at com.netflix.discovery.shared.transport.decorator.EurekaHttpClientDecorator$6.execute(EurekaHttpClientDecorator.java:137)
	at com.netflix.discovery.shared.transport.decorator.SessionedEurekaHttpClient.execute(SessionedEurekaHttpClient.java:76)
	at com.netflix.discovery.shared.transport.decorator.EurekaHttpClientDecorator.getApplications(EurekaHttpClientDecorator.java:134)
	at com.netflix.discovery.DiscoveryClient.getAndStoreFullRegistry(DiscoveryClient.java:1046)
	at com.netflix.discovery.DiscoveryClient.fetchRegistry(DiscoveryClient.java:961)
	at com.netflix.discovery.DiscoveryClient.<init>(DiscoveryClient.java:410)
	at com.netflix.discovery.DiscoveryClient.<init>(DiscoveryClient.java:245)
	at com.netflix.discovery.DiscoveryClient.<init>(DiscoveryClient.java:240)
	at org.springframework.cloud.netflix.eureka.CloudEurekaClient.<init>(CloudEurekaClient.java:68)
	at org.springframework.cloud.netflix.eureka.EurekaClientAutoConfiguration$RefreshableEurekaClientConfiguration.eurekaClient(EurekaClientAutoConfiguration.java:324)
	at java.base/jdk.internal.reflect.DirectMethodHandleAccessor.invoke(DirectMethodHandleAccessor.java:103)
	at java.base/java.lang.reflect.Method.invoke(Method.java:580)
	at org.springframework.beans.factory.support.SimpleInstantiationStrategy.lambda$instantiate$0(SimpleInstantiationStrategy.java:155)
	at org.springframework.beans.factory.support.SimpleInstantiationStrategy.instantiateWithFactoryMethod(SimpleInstantiationStrategy.java:72)
	at org.springframework.beans.factory.support.SimpleInstantiationStrategy.instantiate(SimpleInstantiationStrategy.java:152)
	at org.springframework.beans.factory.support.ConstructorResolver.instantiate(ConstructorResolver.java:653)
	at org.springframework.beans.factory.support.ConstructorResolver.instantiateUsingFactoryMethod(ConstructorResolver.java:645)
	at org.springframework.beans.factory.support.AbstractAutowireCapableBeanFactory.instantiateUsingFactoryMethod(AbstractAutowireCapableBeanFactory.java:1360)
	at org.springframework.beans.factory.support.AbstractAutowireCapableBeanFactory.createBeanInstance(AbstractAutowireCapableBeanFactory.java:1192)
	at org.springframework.beans.factory.support.AbstractAutowireCapableBeanFactory.doCreateBean(AbstractAutowireCapableBeanFactory.java:565)
	at org.springframework.beans.factory.support.AbstractAutowireCapableBeanFactory.createBean(AbstractAutowireCapableBeanFactory.java:525)
	at org.springframework.beans.factory.support.AbstractBeanFactory.lambda$doGetBean$1(AbstractBeanFactory.java:372)
	at org.springframework.cloud.context.scope.GenericScope$BeanLifecycleWrapper.getBean(GenericScope.java:373)
	at org.springframework.cloud.context.scope.GenericScope.get(GenericScope.java:177)
	at org.springframework.beans.factory.support.AbstractBeanFactory.doGetBean(AbstractBeanFactory.java:369)
	at org.springframework.beans.factory.support.AbstractBeanFactory.getBean(AbstractBeanFactory.java:196)
	at org.springframework.aop.target.SimpleBeanTargetSource.getTarget(SimpleBeanTargetSource.java:35)
	at org.springframework.cloud.netflix.eureka.serviceregistry.EurekaRegistration.getTargetObject(EurekaRegistration.java:128)
	at org.springframework.cloud.netflix.eureka.serviceregistry.EurekaRegistration.getEurekaClient(EurekaRegistration.java:116)
	at java.base/jdk.internal.reflect.DirectMethodHandleAccessor.invoke(DirectMethodHandleAccessor.java:103)
	at java.base/java.lang.reflect.Method.invoke(Method.java:580)
	at org.springframework.util.ReflectionUtils.invokeMethod(ReflectionUtils.java:281)
	at org.springframework.cloud.context.scope.GenericScope$LockedScopedProxyFactoryBean.invoke(GenericScope.java:480)
	at org.springframework.aop.framework.ReflectiveMethodInvocation.proceed(ReflectiveMethodInvocation.java:179)
	at org.springframework.aop.framework.CglibAopProxy$DynamicAdvisedInterceptor.intercept(CglibAopProxy.java:719)
	at org.springframework.cloud.netflix.eureka.serviceregistry.EurekaRegistration$$SpringCGLIB$$0.getEurekaClient(<generated>)
	at org.springframework.cloud.netflix.eureka.serviceregistry.EurekaServiceRegistry.maybeInitializeClient(EurekaServiceRegistry.java:83)
	at org.springframework.cloud.netflix.eureka.serviceregistry.EurekaServiceRegistry.register(EurekaServiceRegistry.java:66)
	at org.springframework.cloud.netflix.eureka.serviceregistry.EurekaAutoServiceRegistration.start(EurekaAutoServiceRegistration.java:89)
	at org.springframework.context.support.DefaultLifecycleProcessor.doStart(DefaultLifecycleProcessor.java:420)
	at org.springframework.context.support.DefaultLifecycleProcessor.doStart(DefaultLifecycleProcessor.java:409)
	at org.springframework.context.support.DefaultLifecycleProcessor$LifecycleGroup.start(DefaultLifecycleProcessor.java:613)
	at java.base/java.lang.Iterable.forEach(Iterable.java:75)
	at org.springframework.context.support.DefaultLifecycleProcessor.startBeans(DefaultLifecycleProcessor.java:379)
	at org.springframework.context.support.DefaultLifecycleProcessor.onRefresh(DefaultLifecycleProcessor.java:306)
	at org.springframework.context.support.AbstractApplicationContext.finishRefresh(AbstractApplicationContext.java:1013)
	at org.springframework.context.support.AbstractApplicationContext.refresh(AbstractApplicationContext.java:624)
	at org.springframework.boot.web.server.servlet.context.ServletWebServerApplicationContext.refresh(ServletWebServerApplicationContext.java:143)
	at org.springframework.boot.SpringApplication.refresh(SpringApplication.java:756)
	at org.springframework.boot.SpringApplication.refreshContext(SpringApplication.java:445)
	at org.springframework.boot.SpringApplication.run(SpringApplication.java:321)
	at org.springframework.boot.SpringApplication.run(SpringApplication.java:1365)
	at org.springframework.boot.SpringApplication.run(SpringApplication.java:1354)
	at cl.duoc.destination.DestinationApplication.main(DestinationApplication.java:10)
Caused by: org.apache.hc.client5.http.HttpHostConnectException: Connect to http://localhost:8761 failed: Connection refused: getsockopt
	at java.base/sun.nio.ch.Net.pollConnect(Native Method)
	at java.base/sun.nio.ch.Net.pollConnectNow(Net.java:690)
	at java.base/sun.nio.ch.NioSocketImpl.timedFinishConnect(NioSocketImpl.java:542)
	at java.base/sun.nio.ch.NioSocketImpl.connect(NioSocketImpl.java:592)
	at java.base/java.net.SocksSocketImpl.connect(SocksSocketImpl.java:327)
	at java.base/java.net.Socket.connect(Socket.java:751)
	at org.apache.hc.client5.http.impl.io.DefaultHttpClientConnectionOperator.connect(DefaultHttpClientConnectionOperator.java:226)
	at org.apache.hc.client5.http.impl.io.PoolingHttpClientConnectionManager.connect(PoolingHttpClientConnectionManager.java:497)
	at org.apache.hc.client5.http.impl.classic.InternalExecRuntime.connectEndpoint(InternalExecRuntime.java:164)
	at org.apache.hc.client5.http.impl.classic.InternalExecRuntime.connectEndpoint(InternalExecRuntime.java:174)
	at org.apache.hc.client5.http.impl.classic.ConnectExec.execute(ConnectExec.java:144)
	at org.apache.hc.client5.http.impl.classic.ExecChainElement.execute(ExecChainElement.java:51)
	at org.apache.hc.client5.http.impl.classic.ProtocolExec.execute(ProtocolExec.java:195)
	at org.apache.hc.client5.http.impl.classic.ExecChainElement.execute(ExecChainElement.java:51)
	at org.apache.hc.client5.http.impl.classic.ContentCompressionExec.execute(ContentCompressionExec.java:168)
	at org.apache.hc.client5.http.impl.classic.ExecChainElement.execute(ExecChainElement.java:51)
	at org.apache.hc.client5.http.impl.classic.HttpRequestRetryExec.execute(HttpRequestRetryExec.java:112)
	at org.apache.hc.client5.http.impl.classic.ExecChainElement.execute(ExecChainElement.java:51)
	at org.apache.hc.client5.http.impl.classic.RedirectExec.execute(RedirectExec.java:110)
	at org.apache.hc.client5.http.impl.classic.ExecChainElement.execute(ExecChainElement.java:51)
	at org.apache.hc.client5.http.impl.classic.InternalHttpClient.doExecute(InternalHttpClient.java:185)
	at org.apache.hc.client5.http.impl.classic.CloseableHttpClient.execute(CloseableHttpClient.java:87)
	at org.apache.hc.client5.http.impl.classic.CloseableHttpClient.execute(CloseableHttpClient.java:55)
	at org.apache.hc.client5.http.classic.HttpClient.executeOpen(HttpClient.java:183)
	at org.springframework.http.client.HttpComponentsClientHttpRequest.executeInternal(HttpComponentsClientHttpRequest.java:99)
	at org.springframework.http.client.AbstractStreamingClientHttpRequest.executeInternal(AbstractStreamingClientHttpRequest.java:87)
	at org.springframework.http.client.AbstractClientHttpRequest.execute(AbstractClientHttpRequest.java:80)
	at org.springframework.http.client.AbstractBufferingClientHttpRequest.executeWithRequestAndBody(AbstractBufferingClientHttpRequest.java:89)
	at org.springframework.http.client.InterceptingClientHttpRequest$EndOfChainRequestExecution.execute(InterceptingClientHttpRequest.java:102)
	at org.springframework.cloud.netflix.eureka.http.RestClientTransportClientFactory.lambda$newClient$2(RestClientTransportClientFactory.java:98)
	at org.springframework.http.client.ClientHttpRequestInterceptor.lambda$apply$0(ClientHttpRequestInterceptor.java:89)
	at org.springframework.http.client.InterceptingClientHttpRequest.executeInternal(InterceptingClientHttpRequest.java:73)
	at org.springframework.http.client.AbstractBufferingClientHttpRequest.executeInternal(AbstractBufferingClientHttpRequest.java:50)
	at org.springframework.http.client.AbstractClientHttpRequest.execute(AbstractClientHttpRequest.java:80)
	at org.springframework.web.client.DefaultRestClient$DefaultRequestBodyUriSpec.exchangeInternal(DefaultRestClient.java:614)
	... 68 more

2026-06-29 15:57:03 - Request execution failed with message: I/O error on GET request for "http://localhost:8761/eureka/apps/": Connect to http://localhost:8761 failed: Connection refused: getsockopt
2026-06-29 15:57:03 - DiscoveryClient_DESTINATION/demianbelial:destination:9001 - was unable to refresh its cache! This periodic background refresh will be retried in 30 seconds. status = Cannot execute request on any known server stacktrace = com.netflix.discovery.shared.transport.TransportException: Cannot execute request on any known server
	at com.netflix.discovery.shared.transport.decorator.RetryableEurekaHttpClient.execute(RetryableEurekaHttpClient.java:112)
	at com.netflix.discovery.shared.transport.decorator.EurekaHttpClientDecorator.getApplications(EurekaHttpClientDecorator.java:134)
	at com.netflix.discovery.shared.transport.decorator.EurekaHttpClientDecorator$6.execute(EurekaHttpClientDecorator.java:137)
	at com.netflix.discovery.shared.transport.decorator.SessionedEurekaHttpClient.execute(SessionedEurekaHttpClient.java:76)
	at com.netflix.discovery.shared.transport.decorator.EurekaHttpClientDecorator.getApplications(EurekaHttpClientDecorator.java:134)
	at com.netflix.discovery.DiscoveryClient.getAndStoreFullRegistry(DiscoveryClient.java:1046)
	at com.netflix.discovery.DiscoveryClient.fetchRegistry(DiscoveryClient.java:961)
	at com.netflix.discovery.DiscoveryClient.<init>(DiscoveryClient.java:410)
	at com.netflix.discovery.DiscoveryClient.<init>(DiscoveryClient.java:245)
	at com.netflix.discovery.DiscoveryClient.<init>(DiscoveryClient.java:240)
	at org.springframework.cloud.netflix.eureka.CloudEurekaClient.<init>(CloudEurekaClient.java:68)
	at org.springframework.cloud.netflix.eureka.EurekaClientAutoConfiguration$RefreshableEurekaClientConfiguration.eurekaClient(EurekaClientAutoConfiguration.java:324)
	at java.base/jdk.internal.reflect.DirectMethodHandleAccessor.invoke(DirectMethodHandleAccessor.java:103)
	at java.base/java.lang.reflect.Method.invoke(Method.java:580)
	at org.springframework.beans.factory.support.SimpleInstantiationStrategy.lambda$instantiate$0(SimpleInstantiationStrategy.java:155)
	at org.springframework.beans.factory.support.SimpleInstantiationStrategy.instantiateWithFactoryMethod(SimpleInstantiationStrategy.java:72)
	at org.springframework.beans.factory.support.SimpleInstantiationStrategy.instantiate(SimpleInstantiationStrategy.java:152)
	at org.springframework.beans.factory.support.ConstructorResolver.instantiate(ConstructorResolver.java:653)
	at org.springframework.beans.factory.support.ConstructorResolver.instantiateUsingFactoryMethod(ConstructorResolver.java:645)
	at org.springframework.beans.factory.support.AbstractAutowireCapableBeanFactory.instantiateUsingFactoryMethod(AbstractAutowireCapableBeanFactory.java:1360)
	at org.springframework.beans.factory.support.AbstractAutowireCapableBeanFactory.createBeanInstance(AbstractAutowireCapableBeanFactory.java:1192)
	at org.springframework.beans.factory.support.AbstractAutowireCapableBeanFactory.doCreateBean(AbstractAutowireCapableBeanFactory.java:565)
	at org.springframework.beans.factory.support.AbstractAutowireCapableBeanFactory.createBean(AbstractAutowireCapableBeanFactory.java:525)
	at org.springframework.beans.factory.support.AbstractBeanFactory.lambda$doGetBean$1(AbstractBeanFactory.java:372)
	at org.springframework.cloud.context.scope.GenericScope$BeanLifecycleWrapper.getBean(GenericScope.java:373)
	at org.springframework.cloud.context.scope.GenericScope.get(GenericScope.java:177)
	at org.springframework.beans.factory.support.AbstractBeanFactory.doGetBean(AbstractBeanFactory.java:369)
	at org.springframework.beans.factory.support.AbstractBeanFactory.getBean(AbstractBeanFactory.java:196)
	at org.springframework.aop.target.SimpleBeanTargetSource.getTarget(SimpleBeanTargetSource.java:35)
	at org.springframework.cloud.netflix.eureka.serviceregistry.EurekaRegistration.getTargetObject(EurekaRegistration.java:128)
	at org.springframework.cloud.netflix.eureka.serviceregistry.EurekaRegistration.getEurekaClient(EurekaRegistration.java:116)
	at java.base/jdk.internal.reflect.DirectMethodHandleAccessor.invoke(DirectMethodHandleAccessor.java:103)
	at java.base/java.lang.reflect.Method.invoke(Method.java:580)
	at org.springframework.util.ReflectionUtils.invokeMethod(ReflectionUtils.java:281)
	at org.springframework.cloud.context.scope.GenericScope$LockedScopedProxyFactoryBean.invoke(GenericScope.java:480)
	at org.springframework.aop.framework.ReflectiveMethodInvocation.proceed(ReflectiveMethodInvocation.java:179)
	at org.springframework.aop.framework.CglibAopProxy$DynamicAdvisedInterceptor.intercept(CglibAopProxy.java:719)
	at org.springframework.cloud.netflix.eureka.serviceregistry.EurekaRegistration$$SpringCGLIB$$0.getEurekaClient(<generated>)
	at org.springframework.cloud.netflix.eureka.serviceregistry.EurekaServiceRegistry.maybeInitializeClient(EurekaServiceRegistry.java:83)
	at org.springframework.cloud.netflix.eureka.serviceregistry.EurekaServiceRegistry.register(EurekaServiceRegistry.java:66)
	at org.springframework.cloud.netflix.eureka.serviceregistry.EurekaAutoServiceRegistration.start(EurekaAutoServiceRegistration.java:89)
	at org.springframework.context.support.DefaultLifecycleProcessor.doStart(DefaultLifecycleProcessor.java:420)
	at org.springframework.context.support.DefaultLifecycleProcessor.doStart(DefaultLifecycleProcessor.java:409)
	at org.springframework.context.support.DefaultLifecycleProcessor$LifecycleGroup.start(DefaultLifecycleProcessor.java:613)
	at java.base/java.lang.Iterable.forEach(Iterable.java:75)
	at org.springframework.context.support.DefaultLifecycleProcessor.startBeans(DefaultLifecycleProcessor.java:379)
	at org.springframework.context.support.DefaultLifecycleProcessor.onRefresh(DefaultLifecycleProcessor.java:306)
	at org.springframework.context.support.AbstractApplicationContext.finishRefresh(AbstractApplicationContext.java:1013)
	at org.springframework.context.support.AbstractApplicationContext.refresh(AbstractApplicationContext.java:624)
	at org.springframework.boot.web.server.servlet.context.ServletWebServerApplicationContext.refresh(ServletWebServerApplicationContext.java:143)
	at org.springframework.boot.SpringApplication.refresh(SpringApplication.java:756)
	at org.springframework.boot.SpringApplication.refreshContext(SpringApplication.java:445)
	at org.springframework.boot.SpringApplication.run(SpringApplication.java:321)
	at org.springframework.boot.SpringApplication.run(SpringApplication.java:1365)
	at org.springframework.boot.SpringApplication.run(SpringApplication.java:1354)
	at cl.duoc.destination.DestinationApplication.main(DestinationApplication.java:10)

2026-06-29 15:57:03 - Initial registry fetch from primary servers failed
2026-06-29 15:57:03 - Using default backup registry implementation which does not do anything.
2026-06-29 15:57:03 - Initial registry fetch from backup servers failed
2026-06-29 15:57:03 - Starting heartbeat executor: renew interval is: 30
2026-06-29 15:57:03 - InstanceInfoReplicator onDemand update allowed rate per min is 4
2026-06-29 15:57:03 - Discovery Client initialized at timestamp 1782763023152 with initial instances count: 0
2026-06-29 15:57:03 - Registering application DESTINATION with eureka with status UP
2026-06-29 15:57:03 - Saw local status change event StatusChangeEvent [timestamp=1782763023156, current=UP, previous=STARTING]
2026-06-29 15:57:03 - DiscoveryClient_DESTINATION/demianbelial:destination:9001: registering service...
2026-06-29 15:57:03 - Tomcat started on port 9001 (http) with context path '/'
2026-06-29 15:57:03 - Updating port to 9001
2026-06-29 15:57:03 - Request execution error. endpoint=DefaultEndpoint{ serviceUrl='http://localhost:8761/eureka/}, exception=I/O error on POST request for "http://localhost:8761/eureka/apps/DESTINATION": Connect to http://localhost:8761 failed: Connection refused: getsockopt stacktrace=org.springframework.web.client.ResourceAccessException: I/O error on POST request for "http://localhost:8761/eureka/apps/DESTINATION": Connect to http://localhost:8761 failed: Connection refused: getsockopt
	at org.springframework.web.client.DefaultRestClient$DefaultRequestBodyUriSpec.createResourceAccessException(DefaultRestClient.java:779)
	at org.springframework.web.client.DefaultRestClient$DefaultRequestBodyUriSpec.exchangeInternal(DefaultRestClient.java:624)
	at org.springframework.web.client.DefaultRestClient$DefaultRequestBodyUriSpec.exchange(DefaultRestClient.java:572)
	at org.springframework.web.client.RestClient$RequestHeadersSpec.exchange(RestClient.java:747)
	at org.springframework.web.client.DefaultRestClient$DefaultResponseSpec.executeAndExtract(DefaultRestClient.java:924)
	at org.springframework.web.client.DefaultRestClient$DefaultResponseSpec.toBodilessEntity(DefaultRestClient.java:888)
	at org.springframework.cloud.netflix.eureka.http.RestClientEurekaHttpClient.register(RestClientEurekaHttpClient.java:64)
	at com.netflix.discovery.shared.transport.decorator.EurekaHttpClientDecorator$1.execute(EurekaHttpClientDecorator.java:59)
	at com.netflix.discovery.shared.transport.decorator.RedirectingEurekaHttpClient.executeOnNewServer(RedirectingEurekaHttpClient.java:121)
	at com.netflix.discovery.shared.transport.decorator.RedirectingEurekaHttpClient.execute(RedirectingEurekaHttpClient.java:80)
	at com.netflix.discovery.shared.transport.decorator.EurekaHttpClientDecorator.register(EurekaHttpClientDecorator.java:56)
	at com.netflix.discovery.shared.transport.decorator.EurekaHttpClientDecorator$1.execute(EurekaHttpClientDecorator.java:59)
	at com.netflix.discovery.shared.transport.decorator.RetryableEurekaHttpClient.execute(RetryableEurekaHttpClient.java:120)
	at com.netflix.discovery.shared.transport.decorator.EurekaHttpClientDecorator.register(EurekaHttpClientDecorator.java:56)
	at com.netflix.discovery.shared.transport.decorator.EurekaHttpClientDecorator$1.execute(EurekaHttpClientDecorator.java:59)
	at com.netflix.discovery.shared.transport.decorator.SessionedEurekaHttpClient.execute(SessionedEurekaHttpClient.java:76)
	at com.netflix.discovery.shared.transport.decorator.EurekaHttpClientDecorator.register(EurekaHttpClientDecorator.java:56)
	at com.netflix.discovery.DiscoveryClient.register(DiscoveryClient.java:828)
	at com.netflix.discovery.InstanceInfoReplicator.run(InstanceInfoReplicator.java:125)
	at com.netflix.discovery.InstanceInfoReplicator$2.run(InstanceInfoReplicator.java:105)
	at java.base/java.util.concurrent.Executors$RunnableAdapter.call(Executors.java:572)
	at java.base/java.util.concurrent.FutureTask.run(FutureTask.java:317)
	at java.base/java.util.concurrent.ScheduledThreadPoolExecutor$ScheduledFutureTask.run(ScheduledThreadPoolExecutor.java:304)
	at java.base/java.util.concurrent.ThreadPoolExecutor.runWorker(ThreadPoolExecutor.java:1144)
	at java.base/java.util.concurrent.ThreadPoolExecutor$Worker.run(ThreadPoolExecutor.java:642)
	at java.base/java.lang.Thread.run(Thread.java:1583)
Caused by: org.apache.hc.client5.http.HttpHostConnectException: Connect to http://localhost:8761 failed: Connection refused: getsockopt
	at java.base/sun.nio.ch.Net.pollConnect(Native Method)
	at java.base/sun.nio.ch.Net.pollConnectNow(Net.java:690)
	at java.base/sun.nio.ch.NioSocketImpl.timedFinishConnect(NioSocketImpl.java:542)
	at java.base/sun.nio.ch.NioSocketImpl.connect(NioSocketImpl.java:592)
	at java.base/java.net.SocksSocketImpl.connect(SocksSocketImpl.java:327)
	at java.base/java.net.Socket.connect(Socket.java:751)
	at org.apache.hc.client5.http.impl.io.DefaultHttpClientConnectionOperator.connect(DefaultHttpClientConnectionOperator.java:226)
	at org.apache.hc.client5.http.impl.io.PoolingHttpClientConnectionManager.connect(PoolingHttpClientConnectionManager.java:497)
	at org.apache.hc.client5.http.impl.classic.InternalExecRuntime.connectEndpoint(InternalExecRuntime.java:164)
	at org.apache.hc.client5.http.impl.classic.InternalExecRuntime.connectEndpoint(InternalExecRuntime.java:174)
	at org.apache.hc.client5.http.impl.classic.ConnectExec.execute(ConnectExec.java:144)
	at org.apache.hc.client5.http.impl.classic.ExecChainElement.execute(ExecChainElement.java:51)
	at org.apache.hc.client5.http.impl.classic.ProtocolExec.execute(ProtocolExec.java:195)
	at org.apache.hc.client5.http.impl.classic.ExecChainElement.execute(ExecChainElement.java:51)
	at org.apache.hc.client5.http.impl.classic.ContentCompressionExec.execute(ContentCompressionExec.java:168)
	at org.apache.hc.client5.http.impl.classic.ExecChainElement.execute(ExecChainElement.java:51)
	at org.apache.hc.client5.http.impl.classic.HttpRequestRetryExec.execute(HttpRequestRetryExec.java:112)
	at org.apache.hc.client5.http.impl.classic.ExecChainElement.execute(ExecChainElement.java:51)
	at org.apache.hc.client5.http.impl.classic.RedirectExec.execute(RedirectExec.java:110)
	at org.apache.hc.client5.http.impl.classic.ExecChainElement.execute(ExecChainElement.java:51)
	at org.apache.hc.client5.http.impl.classic.InternalHttpClient.doExecute(InternalHttpClient.java:185)
	at org.apache.hc.client5.http.impl.classic.CloseableHttpClient.execute(CloseableHttpClient.java:87)
	at org.apache.hc.client5.http.impl.classic.CloseableHttpClient.execute(CloseableHttpClient.java:55)
	at org.apache.hc.client5.http.classic.HttpClient.executeOpen(HttpClient.java:183)
	at org.springframework.http.client.HttpComponentsClientHttpRequest.executeInternal(HttpComponentsClientHttpRequest.java:99)
	at org.springframework.http.client.AbstractStreamingClientHttpRequest.executeInternal(AbstractStreamingClientHttpRequest.java:87)
	at org.springframework.http.client.AbstractClientHttpRequest.execute(AbstractClientHttpRequest.java:80)
	at org.springframework.http.client.AbstractBufferingClientHttpRequest.executeWithRequestAndBody(AbstractBufferingClientHttpRequest.java:89)
	at org.springframework.http.client.InterceptingClientHttpRequest$EndOfChainRequestExecution.execute(InterceptingClientHttpRequest.java:102)
	at org.springframework.cloud.netflix.eureka.http.RestClientTransportClientFactory.lambda$newClient$2(RestClientTransportClientFactory.java:98)
	at org.springframework.http.client.ClientHttpRequestInterceptor.lambda$apply$0(ClientHttpRequestInterceptor.java:89)
	at org.springframework.http.client.InterceptingClientHttpRequest.executeInternal(InterceptingClientHttpRequest.java:73)
	at org.springframework.http.client.AbstractBufferingClientHttpRequest.executeInternal(AbstractBufferingClientHttpRequest.java:50)
	at org.springframework.http.client.AbstractClientHttpRequest.execute(AbstractClientHttpRequest.java:80)
	at org.springframework.web.client.DefaultRestClient$DefaultRequestBodyUriSpec.exchangeInternal(DefaultRestClient.java:614)
	... 24 more

2026-06-29 15:57:03 - Request execution failed with message: I/O error on POST request for "http://localhost:8761/eureka/apps/DESTINATION": Connect to http://localhost:8761 failed: Connection refused: getsockopt
2026-06-29 15:57:03 - DiscoveryClient_DESTINATION/demianbelial:destination:9001 - registration failed Cannot execute request on any known server
com.netflix.discovery.shared.transport.TransportException: Cannot execute request on any known server
	at com.netflix.discovery.shared.transport.decorator.RetryableEurekaHttpClient.execute(RetryableEurekaHttpClient.java:112)
	at com.netflix.discovery.shared.transport.decorator.EurekaHttpClientDecorator.register(EurekaHttpClientDecorator.java:56)
	at com.netflix.discovery.shared.transport.decorator.EurekaHttpClientDecorator$1.execute(EurekaHttpClientDecorator.java:59)
	at com.netflix.discovery.shared.transport.decorator.SessionedEurekaHttpClient.execute(SessionedEurekaHttpClient.java:76)
	at com.netflix.discovery.shared.transport.decorator.EurekaHttpClientDecorator.register(EurekaHttpClientDecorator.java:56)
	at com.netflix.discovery.DiscoveryClient.register(DiscoveryClient.java:828)
	at com.netflix.discovery.InstanceInfoReplicator.run(InstanceInfoReplicator.java:125)
	at com.netflix.discovery.InstanceInfoReplicator$2.run(InstanceInfoReplicator.java:105)
	at java.base/java.util.concurrent.Executors$RunnableAdapter.call(Executors.java:572)
	at java.base/java.util.concurrent.FutureTask.run(FutureTask.java:317)
	at java.base/java.util.concurrent.ScheduledThreadPoolExecutor$ScheduledFutureTask.run(ScheduledThreadPoolExecutor.java:304)
	at java.base/java.util.concurrent.ThreadPoolExecutor.runWorker(ThreadPoolExecutor.java:1144)
	at java.base/java.util.concurrent.ThreadPoolExecutor$Worker.run(ThreadPoolExecutor.java:642)
	at java.base/java.lang.Thread.run(Thread.java:1583)
2026-06-29 15:57:03 - There was a problem with the instance info replicator
com.netflix.discovery.shared.transport.TransportException: Cannot execute request on any known server
	at com.netflix.discovery.shared.transport.decorator.RetryableEurekaHttpClient.execute(RetryableEurekaHttpClient.java:112)
	at com.netflix.discovery.shared.transport.decorator.EurekaHttpClientDecorator.register(EurekaHttpClientDecorator.java:56)
	at com.netflix.discovery.shared.transport.decorator.EurekaHttpClientDecorator$1.execute(EurekaHttpClientDecorator.java:59)
	at com.netflix.discovery.shared.transport.decorator.SessionedEurekaHttpClient.execute(SessionedEurekaHttpClient.java:76)
	at com.netflix.discovery.shared.transport.decorator.EurekaHttpClientDecorator.register(EurekaHttpClientDecorator.java:56)
	at com.netflix.discovery.DiscoveryClient.register(DiscoveryClient.java:828)
	at com.netflix.discovery.InstanceInfoReplicator.run(InstanceInfoReplicator.java:125)
	at com.netflix.discovery.InstanceInfoReplicator$2.run(InstanceInfoReplicator.java:105)
	at java.base/java.util.concurrent.Executors$RunnableAdapter.call(Executors.java:572)
	at java.base/java.util.concurrent.FutureTask.run(FutureTask.java:317)
	at java.base/java.util.concurrent.ScheduledThreadPoolExecutor$ScheduledFutureTask.run(ScheduledThreadPoolExecutor.java:304)
	at java.base/java.util.concurrent.ThreadPoolExecutor.runWorker(ThreadPoolExecutor.java:1144)
	at java.base/java.util.concurrent.ThreadPoolExecutor$Worker.run(ThreadPoolExecutor.java:642)
	at java.base/java.lang.Thread.run(Thread.java:1583)
2026-06-29 15:57:03 - Started DestinationApplication in 5.553 seconds (process running for 6.049)
2026-06-29 15:57:03 - SpringDoc /v3/api-docs endpoint is enabled by default. To disable it in production, set the property 'springdoc.api-docs.enabled=false'
2026-06-29 15:57:03 - SpringDoc /index.html endpoint is enabled by default. To disable it in production, set the property 'springdoc.swagger-ui.enabled=false'
2026-06-29 15:57:04 - Initializing Spring DispatcherServlet 'dispatcherServlet'
2026-06-29 15:57:04 - Initializing Servlet 'dispatcherServlet'
2026-06-29 15:57:04 - Completed initialization in 1 ms
2026-06-29 15:57:33 - Disable delta property : false
2026-06-29 15:57:33 - Single vip registry refresh property : null
2026-06-29 15:57:33 - Force full registry fetch : false
2026-06-29 15:57:33 - Application is null : false
2026-06-29 15:57:33 - Registered Applications size is zero : true
2026-06-29 15:57:33 - Application version is -1: true
2026-06-29 15:57:33 - Getting all instance registry info from the eureka server
2026-06-29 15:57:33 - DiscoveryClient_DESTINATION/demianbelial:destination:9001 - Re-registering apps/DESTINATION
2026-06-29 15:57:33 - DiscoveryClient_DESTINATION/demianbelial:destination:9001: registering service...
2026-06-29 15:57:33 - DiscoveryClient_DESTINATION/demianbelial:destination:9001: registering service...
2026-06-29 15:57:33 - DiscoveryClient_DESTINATION/demianbelial:destination:9001 - registration status: 204
2026-06-29 15:57:33 - DiscoveryClient_DESTINATION/demianbelial:destination:9001 - registration status: 204
2026-06-29 15:57:33 - The response status is 200
